0 info it worked if it ends with ok
1 verbose cli [ '/usr/bin/node', '/usr/bin/npm', 'install' ]
2 info using npm@1.3.2
3 info using node@v0.10.13
4 verbose node symlink /usr/bin/node
5 verbose readDependencies using package.json deps
6 verbose install where, deps [ '/home/melki/nodemoti',
6 verbose install   [ 'express',
6 verbose install     'jade',
6 verbose install     'engine.io',
6 verbose install     'serialport',
6 verbose install     'socket.io',
6 verbose install     'socket.io-parser',
6 verbose install     'socket.io-client',
6 verbose install     'mongoose' ] ]
7 info preinstall application-name@0.0.1
8 verbose readDependencies using package.json deps
9 verbose cache add [ 'socket.io@latest', null ]
10 verbose cache add name=undefined spec="socket.io@latest" args=["socket.io@latest",null]
11 verbose parsed url { protocol: null,
11 verbose parsed url   slashes: null,
11 verbose parsed url   auth: null,
11 verbose parsed url   host: null,
11 verbose parsed url   port: null,
11 verbose parsed url   hostname: null,
11 verbose parsed url   hash: null,
11 verbose parsed url   search: null,
11 verbose parsed url   query: null,
11 verbose parsed url   pathname: 'socket.io@latest',
11 verbose parsed url   path: 'socket.io@latest',
11 verbose parsed url   href: 'socket.io@latest' }
12 verbose cache add name="socket.io" spec="latest" args=["socket.io","latest"]
13 verbose parsed url { protocol: null,
13 verbose parsed url   slashes: null,
13 verbose parsed url   auth: null,
13 verbose parsed url   host: null,
13 verbose parsed url   port: null,
13 verbose parsed url   hostname: null,
13 verbose parsed url   hash: null,
13 verbose parsed url   search: null,
13 verbose parsed url   query: null,
13 verbose parsed url   pathname: 'latest',
13 verbose parsed url   path: 'latest',
13 verbose parsed url   href: 'latest' }
14 verbose addNamed [ 'socket.io', 'latest' ]
15 verbose addNamed [ null, null ]
16 verbose cache add [ 'socket.io-client@LearnBoost/socket.io-client', null ]
17 verbose cache add name=undefined spec="socket.io-client@LearnBoost/socket.io-client" args=["socket.io-client@LearnBoost/socket.io-client",null]
18 verbose parsed url { protocol: null,
18 verbose parsed url   slashes: null,
18 verbose parsed url   auth: null,
18 verbose parsed url   host: null,
18 verbose parsed url   port: null,
18 verbose parsed url   hostname: null,
18 verbose parsed url   hash: null,
18 verbose parsed url   search: null,
18 verbose parsed url   query: null,
18 verbose parsed url   pathname: 'socket.io-client@LearnBoost/socket.io-client',
18 verbose parsed url   path: 'socket.io-client@LearnBoost/socket.io-client',
18 verbose parsed url   href: 'socket.io-client@LearnBoost/socket.io-client' }
19 verbose cache add name="socket.io-client" spec="LearnBoost/socket.io-client" args=["socket.io-client","LearnBoost/socket.io-client"]
20 verbose parsed url { protocol: null,
20 verbose parsed url   slashes: null,
20 verbose parsed url   auth: null,
20 verbose parsed url   host: null,
20 verbose parsed url   port: null,
20 verbose parsed url   hostname: null,
20 verbose parsed url   hash: null,
20 verbose parsed url   search: null,
20 verbose parsed url   query: null,
20 verbose parsed url   pathname: 'LearnBoost/socket.io-client',
20 verbose parsed url   path: 'LearnBoost/socket.io-client',
20 verbose parsed url   href: 'LearnBoost/socket.io-client' }
21 verbose addNamed [ 'socket.io-client', 'LearnBoost/socket.io-client' ]
22 verbose addNamed [ null, null ]
23 verbose cache add [ 'socket.io-parser@latest', null ]
24 verbose cache add name=undefined spec="socket.io-parser@latest" args=["socket.io-parser@latest",null]
25 verbose parsed url { protocol: null,
25 verbose parsed url   slashes: null,
25 verbose parsed url   auth: null,
25 verbose parsed url   host: null,
25 verbose parsed url   port: null,
25 verbose parsed url   hostname: null,
25 verbose parsed url   hash: null,
25 verbose parsed url   search: null,
25 verbose parsed url   query: null,
25 verbose parsed url   pathname: 'socket.io-parser@latest',
25 verbose parsed url   path: 'socket.io-parser@latest',
25 verbose parsed url   href: 'socket.io-parser@latest' }
26 verbose cache add name="socket.io-parser" spec="latest" args=["socket.io-parser","latest"]
27 verbose parsed url { protocol: null,
27 verbose parsed url   slashes: null,
27 verbose parsed url   auth: null,
27 verbose parsed url   host: null,
27 verbose parsed url   port: null,
27 verbose parsed url   hostname: null,
27 verbose parsed url   hash: null,
27 verbose parsed url   search: null,
27 verbose parsed url   query: null,
27 verbose parsed url   pathname: 'latest',
27 verbose parsed url   path: 'latest',
27 verbose parsed url   href: 'latest' }
28 verbose addNamed [ 'socket.io-parser', 'latest' ]
29 verbose addNamed [ null, null ]
30 verbose already installed skipping mongoose@>=2.7.0 /home/melki/nodemoti
31 verbose cache add [ 'engine.io@latest', null ]
32 verbose cache add name=undefined spec="engine.io@latest" args=["engine.io@latest",null]
33 verbose parsed url { protocol: null,
33 verbose parsed url   slashes: null,
33 verbose parsed url   auth: null,
33 verbose parsed url   host: null,
33 verbose parsed url   port: null,
33 verbose parsed url   hostname: null,
33 verbose parsed url   hash: null,
33 verbose parsed url   search: null,
33 verbose parsed url   query: null,
33 verbose parsed url   pathname: 'engine.io@latest',
33 verbose parsed url   path: 'engine.io@latest',
33 verbose parsed url   href: 'engine.io@latest' }
34 verbose cache add name="engine.io" spec="latest" args=["engine.io","latest"]
35 verbose parsed url { protocol: null,
35 verbose parsed url   slashes: null,
35 verbose parsed url   auth: null,
35 verbose parsed url   host: null,
35 verbose parsed url   port: null,
35 verbose parsed url   hostname: null,
35 verbose parsed url   hash: null,
35 verbose parsed url   search: null,
35 verbose parsed url   query: null,
35 verbose parsed url   pathname: 'latest',
35 verbose parsed url   path: 'latest',
35 verbose parsed url   href: 'latest' }
36 verbose addNamed [ 'engine.io', 'latest' ]
37 verbose addNamed [ null, null ]
38 silly lockFile d01f6c55-socket-io-latest socket.io@latest
39 verbose lock socket.io@latest /home/melki/.npm/d01f6c55-socket-io-latest.lock
40 silly lockFile 7ef0e72f-ient-LearnBoost-socket-io-client socket.io-client@LearnBoost/socket.io-client
41 verbose lock socket.io-client@LearnBoost/socket.io-client /home/melki/.npm/7ef0e72f-ient-LearnBoost-socket-io-client.lock
42 silly lockFile 624dd4ee-socket-io-parser-latest socket.io-parser@latest
43 verbose lock socket.io-parser@latest /home/melki/.npm/624dd4ee-socket-io-parser-latest.lock
44 verbose cache add [ 'express@3.3.4', null ]
45 verbose cache add name=undefined spec="express@3.3.4" args=["express@3.3.4",null]
46 verbose parsed url { protocol: null,
46 verbose parsed url   slashes: null,
46 verbose parsed url   auth: null,
46 verbose parsed url   host: null,
46 verbose parsed url   port: null,
46 verbose parsed url   hostname: null,
46 verbose parsed url   hash: null,
46 verbose parsed url   search: null,
46 verbose parsed url   query: null,
46 verbose parsed url   pathname: 'express@3.3.4',
46 verbose parsed url   path: 'express@3.3.4',
46 verbose parsed url   href: 'express@3.3.4' }
47 verbose cache add name="express" spec="3.3.4" args=["express","3.3.4"]
48 verbose parsed url { protocol: null,
48 verbose parsed url   slashes: null,
48 verbose parsed url   auth: null,
48 verbose parsed url   host: null,
48 verbose parsed url   port: null,
48 verbose parsed url   hostname: null,
48 verbose parsed url   hash: null,
48 verbose parsed url   search: null,
48 verbose parsed url   query: null,
48 verbose parsed url   pathname: '3.3.4',
48 verbose parsed url   path: '3.3.4',
48 verbose parsed url   href: '3.3.4' }
49 verbose addNamed [ 'express', '3.3.4' ]
50 verbose addNamed [ '3.3.4', '3.3.4' ]
51 silly lockFile 536d637b-express-3-3-4 express@3.3.4
52 verbose lock express@3.3.4 /home/melki/.npm/536d637b-express-3-3-4.lock
53 verbose cache add [ 'jade@latest ', null ]
54 verbose cache add name=undefined spec="jade@latest " args=["jade@latest ",null]
55 verbose parsed url { protocol: null,
55 verbose parsed url   slashes: null,
55 verbose parsed url   auth: null,
55 verbose parsed url   host: null,
55 verbose parsed url   port: null,
55 verbose parsed url   hostname: null,
55 verbose parsed url   hash: null,
55 verbose parsed url   search: null,
55 verbose parsed url   query: null,
55 verbose parsed url   pathname: 'jade@latest',
55 verbose parsed url   path: 'jade@latest',
55 verbose parsed url   href: 'jade@latest' }
56 verbose cache add name="jade" spec="latest " args=["jade","latest "]
57 verbose parsed url { protocol: null,
57 verbose parsed url   slashes: null,
57 verbose parsed url   auth: null,
57 verbose parsed url   host: null,
57 verbose parsed url   port: null,
57 verbose parsed url   hostname: null,
57 verbose parsed url   hash: null,
57 verbose parsed url   search: null,
57 verbose parsed url   query: null,
57 verbose parsed url   pathname: 'latest',
57 verbose parsed url   path: 'latest',
57 verbose parsed url   href: 'latest' }
58 verbose addNamed [ 'jade', 'latest ' ]
59 verbose addNamed [ null, null ]
60 silly lockFile 1ffb1553-jade-latest jade@latest
61 verbose lock jade@latest  /home/melki/.npm/1ffb1553-jade-latest.lock
62 verbose cache add [ 'serialport@latest', null ]
63 verbose cache add name=undefined spec="serialport@latest" args=["serialport@latest",null]
64 verbose parsed url { protocol: null,
64 verbose parsed url   slashes: null,
64 verbose parsed url   auth: null,
64 verbose parsed url   host: null,
64 verbose parsed url   port: null,
64 verbose parsed url   hostname: null,
64 verbose parsed url   hash: null,
64 verbose parsed url   search: null,
64 verbose parsed url   query: null,
64 verbose parsed url   pathname: 'serialport@latest',
64 verbose parsed url   path: 'serialport@latest',
64 verbose parsed url   href: 'serialport@latest' }
65 verbose cache add name="serialport" spec="latest" args=["serialport","latest"]
66 verbose parsed url { protocol: null,
66 verbose parsed url   slashes: null,
66 verbose parsed url   auth: null,
66 verbose parsed url   host: null,
66 verbose parsed url   port: null,
66 verbose parsed url   hostname: null,
66 verbose parsed url   hash: null,
66 verbose parsed url   search: null,
66 verbose parsed url   query: null,
66 verbose parsed url   pathname: 'latest',
66 verbose parsed url   path: 'latest',
66 verbose parsed url   href: 'latest' }
67 verbose addNamed [ 'serialport', 'latest' ]
68 verbose addNamed [ null, null ]
69 silly lockFile 619c49e1-serialport-latest serialport@latest
70 verbose lock serialport@latest /home/melki/.npm/619c49e1-serialport-latest.lock
71 info addNameTag [ 'socket.io', 'latest' ]
72 info addNameTag [ 'socket.io-client', 'LearnBoost/socket.io-client' ]
73 info addNameTag [ 'socket.io-parser', 'latest' ]
74 silly lockFile 4be8cfda-engine-io-latest engine.io@latest
75 verbose lock engine.io@latest /home/melki/.npm/4be8cfda-engine-io-latest.lock
76 info addNameTag [ 'jade', 'latest ' ]
77 info addNameTag [ 'serialport', 'latest' ]
78 info addNameTag [ 'engine.io', 'latest' ]
79 verbose url raw socket.io-client
80 verbose url resolving [ 'https://registry.npmjs.org/', './socket.io-client' ]
81 verbose url resolved https://registry.npmjs.org/socket.io-client
82 info trying registry request attempt 1 at 15:00:15
83 verbose etag "48K4DPDE5851FDNEJQ3WETQ07"
84 http GET https://registry.npmjs.org/socket.io-client
85 verbose url raw socket.io-parser
86 verbose url resolving [ 'https://registry.npmjs.org/', './socket.io-parser' ]
87 verbose url resolved https://registry.npmjs.org/socket.io-parser
88 info trying registry request attempt 1 at 15:00:15
89 verbose etag "1GRX8LNPLPX7O3U49MKEOQL3J"
90 http GET https://registry.npmjs.org/socket.io-parser
91 verbose url raw express/3.3.4
92 verbose url resolving [ 'https://registry.npmjs.org/', './express/3.3.4' ]
93 verbose url resolved https://registry.npmjs.org/express/3.3.4
94 info trying registry request attempt 1 at 15:00:15
95 verbose etag "E8D4EVY5LHOO8X0N8RYQ5VEP0"
96 http GET https://registry.npmjs.org/express/3.3.4
97 verbose url raw jade
98 verbose url resolving [ 'https://registry.npmjs.org/', './jade' ]
99 verbose url resolved https://registry.npmjs.org/jade
100 info trying registry request attempt 1 at 15:00:15
101 verbose etag "1UG9BRPD65BG51L8QQ4W20H4D"
102 http GET https://registry.npmjs.org/jade
103 verbose url raw serialport
104 verbose url resolving [ 'https://registry.npmjs.org/', './serialport' ]
105 verbose url resolved https://registry.npmjs.org/serialport
106 info trying registry request attempt 1 at 15:00:15
107 verbose etag "8FMR3K4VPXY1TN0W3UG7AE41M"
108 http GET https://registry.npmjs.org/serialport
109 verbose url raw engine.io
110 verbose url resolving [ 'https://registry.npmjs.org/', './engine.io' ]
111 verbose url resolved https://registry.npmjs.org/engine.io
112 info trying registry request attempt 1 at 15:00:15
113 verbose etag "DZ8R5NEJCCUQYYJD3CWZIWFEX"
114 http GET https://registry.npmjs.org/engine.io
115 verbose url raw socket.io
116 verbose url resolving [ 'https://registry.npmjs.org/', './socket.io' ]
117 verbose url resolved https://registry.npmjs.org/socket.io
118 info trying registry request attempt 1 at 15:00:15
119 verbose etag "7JK1M9WJ2EMZYHDVO282BPRDT"
120 http GET https://registry.npmjs.org/socket.io
121 http 304 https://registry.npmjs.org/socket.io-client
122 silly registry.get cb [ 304,
122 silly registry.get   { server: 'CouchDB/1.3.0 (Erlang OTP/R15B03)',
122 silly registry.get     etag: '"48K4DPDE5851FDNEJQ3WETQ07"',
122 silly registry.get     date: 'Mon, 22 Jul 2013 13:00:16 GMT',
122 silly registry.get     'content-length': '0' } ]
123 verbose etag socket.io-client from cache
124 http 304 https://registry.npmjs.org/express/3.3.4
125 silly registry.get cb [ 304,
125 silly registry.get   { server: 'CouchDB/1.3.0 (Erlang OTP/R15B03)',
125 silly registry.get     etag: '"E8D4EVY5LHOO8X0N8RYQ5VEP0"',
125 silly registry.get     date: 'Mon, 22 Jul 2013 13:00:16 GMT',
125 silly registry.get     'content-length': '0' } ]
126 verbose etag express/3.3.4 from cache
127 http 304 https://registry.npmjs.org/socket.io-parser
128 silly registry.get cb [ 304,
128 silly registry.get   { server: 'CouchDB/1.3.0 (Erlang OTP/R15B03)',
128 silly registry.get     etag: '"1GRX8LNPLPX7O3U49MKEOQL3J"',
128 silly registry.get     date: 'Mon, 22 Jul 2013 13:00:16 GMT',
128 silly registry.get     'content-length': '0' } ]
129 verbose etag socket.io-parser from cache
130 http 304 https://registry.npmjs.org/serialport
131 silly registry.get cb [ 304,
131 silly registry.get   { server: 'CouchDB/1.3.0 (Erlang OTP/R15B03)',
131 silly registry.get     etag: '"8FMR3K4VPXY1TN0W3UG7AE41M"',
131 silly registry.get     date: 'Mon, 22 Jul 2013 13:00:16 GMT',
131 silly registry.get     'content-length': '0' } ]
132 verbose etag serialport from cache
133 http 304 https://registry.npmjs.org/jade
134 silly registry.get cb [ 304,
134 silly registry.get   { server: 'CouchDB/1.3.0 (Erlang OTP/R15B03)',
134 silly registry.get     etag: '"1UG9BRPD65BG51L8QQ4W20H4D"',
134 silly registry.get     date: 'Mon, 22 Jul 2013 13:00:16 GMT',
134 silly registry.get     'content-length': '0' } ]
135 verbose etag jade from cache
136 verbose addNamed [ 'socket.io-parser', '1.0.2' ]
137 verbose addNamed [ '1.0.2', '1.0.2' ]
138 silly lockFile 007bd88f-socket-io-parser-1-0-2 socket.io-parser@1.0.2
139 verbose lock socket.io-parser@1.0.2 /home/melki/.npm/007bd88f-socket-io-parser-1-0-2.lock
140 info maybeGithub Attempting LearnBoost/socket.io-client from git://github.com/LearnBoost/socket.io-client
141 silly lockFile 19bcd5cd--com-LearnBoost-socket-io-client git://github.com/LearnBoost/socket.io-client
142 verbose lock git://github.com/LearnBoost/socket.io-client /home/melki/.npm/19bcd5cd--com-LearnBoost-socket-io-client.lock
143 verbose addRemoteGit [ 'git://github.com/LearnBoost/socket.io-client', 'master' ]
144 verbose addNamed [ 'serialport', '1.1.1' ]
145 verbose addNamed [ '1.1.1', '1.1.1' ]
146 silly lockFile c71ed9ba-serialport-1-1-1 serialport@1.1.1
147 verbose lock serialport@1.1.1 /home/melki/.npm/c71ed9ba-serialport-1-1-1.lock
148 silly lockFile 1ffb1553-jade-latest jade@latest
149 silly lockFile 1ffb1553-jade-latest jade@latest
150 error Error: No compatible version found: jade@'latest '
150 error Valid install targets:
150 error ["0.0.1","0.0.2","0.1.0","0.2.0","0.2.1","0.2.2","0.2.3","0.2.4","0.3.0","0.4.0","0.4.1","0.5.0","0.5.1","0.5.2","0.5.3","0.5.4","0.5.5","0.5.6","0.5.7","0.6.0","0.6.1","0.6.3","0.7.0","0.7.1","0.8.0","0.8.1","0.8.2","0.8.3","0.8.4","0.8.5","0.8.6","0.8.7","0.8.8","0.8.9","0.9.0","0.9.1","0.9.2","0.9.3","0.10.0","0.10.1","0.10.2","0.10.3","0.10.4","0.10.5","0.10.6","0.10.7","0.11.0","0.11.1","0.12.0","0.12.1","0.12.2","0.12.3","0.12.4","0.13.0","0.14.0","0.14.1","0.14.2","0.15.0","0.15.1","0.15.2","0.15.3","0.15.4","0.16.0","0.16.1","0.16.2","0.16.3","0.16.4","0.17.0","0.18.0","0.19.0","0.20.0","0.20.1","0.20.2","0.20.3","0.21.0","0.22.0","0.22.1","0.23.0","0.24.0","0.25.0","0.26.0","0.26.1","0.26.2","0.26.3","0.27.0","0.27.1","0.27.2","0.27.3","0.27.4","0.27.5","0.27.6","0.27.7","0.28.0","0.28.1","0.28.2","0.29.0","0.30.0","0.31.0","0.31.1","0.31.2","0.32.0","0.33.0"]
150 error     at installTargetsError (/usr/lib/node_modules/npm/lib/cache.js:719:10)
150 error     at /usr/lib/node_modules/npm/lib/cache.js:638:10
150 error     at saved (/usr/lib/node_modules/npm/node_modules/npm-registry-client/lib/get.js:142:7)
150 error     at Object.oncomplete (fs.js:107:15)
151 error If you need help, you may report this log at:
151 error     <http://github.com/isaacs/npm/issues>
151 error or email it to:
151 error     <npm-@googlegroups.com>
152 error System Linux 3.8.0-26-generic
153 error command "/usr/bin/node" "/usr/bin/npm" "install"
154 error cwd /home/melki/nodemoti
155 error node -v v0.10.13
156 error npm -v 1.3.2
157 verbose exit [ 1, true ]
